Requirement already satisfied: setuptools>=38.6.0 in ./.pybuilder/plugins/cpython-3.8.5.final.0/lib/python3.8/site-packages (51.1.1)
Requirement already satisfied: wheel>=0.34.0 in ./.pybuilder/plugins/cpython-3.8.5.final.0/lib/python3.8/site-packages (0.36.2)
Collecting coverage~=5.2
  Downloading coverage-5.3.1-cp38-cp38-manylinux2010_x86_64.whl (245 kB)
Collecting flake8~=3.7
  Downloading flake8-3.8.4-py2.py3-none-any.whl (72 kB)
Collecting pypandoc~=1.4
  Downloading pypandoc-1.5.tar.gz (26 kB)
Requirement already satisfied: pip>=8.1.0 in ./.pybuilder/plugins/cpython-3.8.5.final.0/lib/python3.8/site-packages (from pypandoc~=1.4) (20.3.3)
Collecting twine>=1.15.0
  Downloading twine-3.3.0-py3-none-any.whl (34 kB)
Collecting unittest-xml-reporting~=3.0.2
  Downloading unittest_xml_reporting-3.0.4-py2.py3-none-any.whl (19 kB)
Collecting colorama>=0.4.3
  Downloading colorama-0.4.4-py2.py3-none-any.whl (16 kB)
Collecting keyring>=15.1
  Downloading keyring-21.8.0-py3-none-any.whl (32 kB)
Collecting jeepney>=0.4.2
  Downloading jeepney-0.6.0-py3-none-any.whl (45 kB)
Collecting mccabe<0.7.0,>=0.6.0
  Downloading mccabe-0.6.1-py2.py3-none-any.whl (8.6 kB)
Collecting pkginfo>=1.4.2
  Downloading pkginfo-1.6.1-py2.py3-none-any.whl (25 kB)
Collecting pycodestyle<2.7.0,>=2.6.0a1
  Downloading pycodestyle-2.6.0-py2.py3-none-any.whl (41 kB)
Collecting pyflakes<2.3.0,>=2.2.0
  Downloading pyflakes-2.2.0-py2.py3-none-any.whl (66 kB)
Collecting readme-renderer>=21.0
  Downloading readme_renderer-28.0-py2.py3-none-any.whl (15 kB)
Collecting bleach>=2.1.0
  Downloading bleach-3.2.1-py2.py3-none-any.whl (145 kB)
Collecting docutils>=0.13.1
  Downloading docutils-0.16-py2.py3-none-any.whl (548 kB)
Collecting Pygments>=2.5.1
  Downloading Pygments-2.7.3-py3-none-any.whl (950 kB)
Collecting requests>=2.20
  Downloading requests-2.25.1-py2.py3-none-any.whl (61 kB)
Collecting certifi>=2017.4.17
  Downloading certifi-2020.12.5-py2.py3-none-any.whl (147 kB)
Collecting chardet<5,>=3.0.2
  Downloading chardet-4.0.0-py2.py3-none-any.whl (178 kB)
Collecting idna<3,>=2.5
  Downloading idna-2.10-py2.py3-none-any.whl (58 kB)
Collecting requests-toolbelt!=0.9.0,>=0.8.0
  Downloading requests_toolbelt-0.9.1-py2.py3-none-any.whl (54 kB)
Collecting rfc3986>=1.4.0
  Downloading rfc3986-1.4.0-py2.py3-none-any.whl (31 kB)
Collecting SecretStorage>=3.2
  Downloading SecretStorage-3.3.0-py3-none-any.whl (14 kB)
Collecting cryptography>=2.0
  Downloading cryptography-3.3.1-cp36-abi3-manylinux2010_x86_64.whl (2.6 MB)
Collecting cffi>=1.12
  Downloading cffi-1.14.4-cp38-cp38-manylinux1_x86_64.whl (411 kB)
Collecting six
  Downloading six-1.15.0-py2.py3-none-any.whl (10 kB)
Collecting tqdm>=4.14
  Downloading tqdm-4.55.1-py2.py3-none-any.whl (68 kB)
Collecting urllib3<1.27,>=1.21.1
  Downloading urllib3-1.26.2-py2.py3-none-any.whl (136 kB)
Collecting packaging
  Downloading packaging-20.8-py2.py3-none-any.whl (39 kB)
Collecting pyparsing>=2.0.2
  Downloading pyparsing-2.4.7-py2.py3-none-any.whl (67 kB)
Collecting pycparser
  Downloading pycparser-2.20-py2.py3-none-any.whl (112 kB)
Collecting webencodings
  Downloading webencodings-0.5.1-py2.py3-none-any.whl (11 kB)
Building wheels for collected packages: pypandoc
  Building wheel for pypandoc (setup.py): started
  Building wheel for pypandoc (setup.py): finished with status 'done'
  Created wheel for pypandoc: filename=pypandoc-1.5-py3-none-any.whl size=17037 sha256=3effbe2561c5c80a75bb73e690d62b7aa5883563c69861fe705148c8793632b4
  Stored in directory: /home/stefan/.cache/pip/wheels/27/01/d8/dde8d4ae5c2a6e6dda11cee8c4fb855c9f60f1f8cdc1332cef
Successfully built pypandoc
Installing collected packages: pycparser, six, pyparsing, cffi, webencodings, urllib3, packaging, jeepney, idna, cryptography, chardet, certifi, SecretStorage, requests, Pygments, docutils, bleach, tqdm, rfc3986, requests-toolbelt, readme-renderer, pyflakes, pycodestyle, pkginfo, mccabe, keyring, colorama, unittest-xml-reporting, twine, pypandoc, flake8, coverage
Successfully installed Pygments-2.7.3 SecretStorage-3.3.0 bleach-3.2.1 certifi-2020.12.5 cffi-1.14.4 chardet-4.0.0 colorama-0.4.4 coverage-5.3.1 cryptography-3.3.1 docutils-0.16 flake8-3.8.4 idna-2.10 jeepney-0.6.0 keyring-21.8.0 mccabe-0.6.1 packaging-20.8 pkginfo-1.6.1 pycodestyle-2.6.0 pycparser-2.20 pyflakes-2.2.0 pypandoc-1.5 pyparsing-2.4.7 readme-renderer-28.0 requests-2.25.1 requests-toolbelt-0.9.1 rfc3986-1.4.0 six-1.15.0 tqdm-4.55.1 twine-3.3.0 unittest-xml-reporting-3.0.4 urllib3-1.26.2 webencodings-0.5.1
Requirement already satisfied: coverage~=5.2 in ./.pybuilder/plugins/cpython-3.8.5.final.0/lib/python3.8/site-packages (5.3.1)
Requirement already satisfied: flake8~=3.7 in ./.pybuilder/plugins/cpython-3.8.5.final.0/lib/python3.8/site-packages (3.8.4)
Requirement already satisfied: pypandoc~=1.4 in ./.pybuilder/plugins/cpython-3.8.5.final.0/lib/python3.8/site-packages (1.5)
Requirement already satisfied: setuptools>=38.6.0 in ./.pybuilder/plugins/cpython-3.8.5.final.0/lib/python3.8/site-packages (51.1.1)
Requirement already satisfied: twine>=1.15.0 in ./.pybuilder/plugins/cpython-3.8.5.final.0/lib/python3.8/site-packages (3.3.0)
Requirement already satisfied: unittest-xml-reporting~=3.0.2 in ./.pybuilder/plugins/cpython-3.8.5.final.0/lib/python3.8/site-packages (3.0.4)
Requirement already satisfied: wheel>=0.34.0 in ./.pybuilder/plugins/cpython-3.8.5.final.0/lib/python3.8/site-packages (0.36.2)
Requirement already satisfied: pycodestyle<2.7.0,>=2.6.0a1 in ./.pybuilder/plugins/cpython-3.8.5.final.0/lib/python3.8/site-packages (from flake8~=3.7) (2.6.0)
Requirement already satisfied: mccabe<0.7.0,>=0.6.0 in ./.pybuilder/plugins/cpython-3.8.5.final.0/lib/python3.8/site-packages (from flake8~=3.7) (0.6.1)
Requirement already satisfied: pyflakes<2.3.0,>=2.2.0 in ./.pybuilder/plugins/cpython-3.8.5.final.0/lib/python3.8/site-packages (from flake8~=3.7) (2.2.0)
Requirement already satisfied: pip>=8.1.0 in ./.pybuilder/plugins/cpython-3.8.5.final.0/lib/python3.8/site-packages (from pypandoc~=1.4) (20.3.3)
Requirement already satisfied: readme-renderer>=21.0 in ./.pybuilder/plugins/cpython-3.8.5.final.0/lib/python3.8/site-packages (from twine>=1.15.0) (28.0)
Requirement already satisfied: tqdm>=4.14 in ./.pybuilder/plugins/cpython-3.8.5.final.0/lib/python3.8/site-packages (from twine>=1.15.0) (4.55.1)
Requirement already satisfied: requests-toolbelt!=0.9.0,>=0.8.0 in ./.pybuilder/plugins/cpython-3.8.5.final.0/lib/python3.8/site-packages (from twine>=1.15.0) (0.9.1)
Requirement already satisfied: colorama>=0.4.3 in ./.pybuilder/plugins/cpython-3.8.5.final.0/lib/python3.8/site-packages (from twine>=1.15.0) (0.4.4)
Requirement already satisfied: rfc3986>=1.4.0 in ./.pybuilder/plugins/cpython-3.8.5.final.0/lib/python3.8/site-packages (from twine>=1.15.0) (1.4.0)
Requirement already satisfied: requests>=2.20 in ./.pybuilder/plugins/cpython-3.8.5.final.0/lib/python3.8/site-packages (from twine>=1.15.0) (2.25.1)
Requirement already satisfied: keyring>=15.1 in ./.pybuilder/plugins/cpython-3.8.5.final.0/lib/python3.8/site-packages (from twine>=1.15.0) (21.8.0)
Requirement already satisfied: pkginfo>=1.4.2 in ./.pybuilder/plugins/cpython-3.8.5.final.0/lib/python3.8/site-packages (from twine>=1.15.0) (1.6.1)
Requirement already satisfied: SecretStorage>=3.2 in ./.pybuilder/plugins/cpython-3.8.5.final.0/lib/python3.8/site-packages (from keyring>=15.1->twine>=1.15.0) (3.3.0)
Requirement already satisfied: jeepney>=0.4.2 in ./.pybuilder/plugins/cpython-3.8.5.final.0/lib/python3.8/site-packages (from keyring>=15.1->twine>=1.15.0) (0.6.0)
Requirement already satisfied: Pygments>=2.5.1 in ./.pybuilder/plugins/cpython-3.8.5.final.0/lib/python3.8/site-packages (from readme-renderer>=21.0->twine>=1.15.0) (2.7.3)
Requirement already satisfied: six in ./.pybuilder/plugins/cpython-3.8.5.final.0/lib/python3.8/site-packages (from readme-renderer>=21.0->twine>=1.15.0) (1.15.0)
Requirement already satisfied: bleach>=2.1.0 in ./.pybuilder/plugins/cpython-3.8.5.final.0/lib/python3.8/site-packages (from readme-renderer>=21.0->twine>=1.15.0) (3.2.1)
Requirement already satisfied: docutils>=0.13.1 in ./.pybuilder/plugins/cpython-3.8.5.final.0/lib/python3.8/site-packages (from readme-renderer>=21.0->twine>=1.15.0) (0.16)
Requirement already satisfied: packaging in ./.pybuilder/plugins/cpython-3.8.5.final.0/lib/python3.8/site-packages (from bleach>=2.1.0->readme-renderer>=21.0->twine>=1.15.0) (20.8)
Requirement already satisfied: webencodings in ./.pybuilder/plugins/cpython-3.8.5.final.0/lib/python3.8/site-packages (from bleach>=2.1.0->readme-renderer>=21.0->twine>=1.15.0) (0.5.1)
Requirement already satisfied: certifi>=2017.4.17 in ./.pybuilder/plugins/cpython-3.8.5.final.0/lib/python3.8/site-packages (from requests>=2.20->twine>=1.15.0) (2020.12.5)
Requirement already satisfied: idna<3,>=2.5 in ./.pybuilder/plugins/cpython-3.8.5.final.0/lib/python3.8/site-packages (from requests>=2.20->twine>=1.15.0) (2.10)
Requirement already satisfied: urllib3<1.27,>=1.21.1 in ./.pybuilder/plugins/cpython-3.8.5.final.0/lib/python3.8/site-packages (from requests>=2.20->twine>=1.15.0) (1.26.2)
Requirement already satisfied: chardet<5,>=3.0.2 in ./.pybuilder/plugins/cpython-3.8.5.final.0/lib/python3.8/site-packages (from requests>=2.20->twine>=1.15.0) (4.0.0)
Requirement already satisfied: cryptography>=2.0 in ./.pybuilder/plugins/cpython-3.8.5.final.0/lib/python3.8/site-packages (from SecretStorage>=3.2->keyring>=15.1->twine>=1.15.0) (3.3.1)
Requirement already satisfied: cffi>=1.12 in ./.pybuilder/plugins/cpython-3.8.5.final.0/lib/python3.8/site-packages (from cryptography>=2.0->SecretStorage>=3.2->keyring>=15.1->twine>=1.15.0) (1.14.4)
Requirement already satisfied: pycparser in ./.pybuilder/plugins/cpython-3.8.5.final.0/lib/python3.8/site-packages (from cffi>=1.12->cryptography>=2.0->SecretStorage>=3.2->keyring>=15.1->twine>=1.15.0) (2.20)
Requirement already satisfied: pyparsing>=2.0.2 in ./.pybuilder/plugins/cpython-3.8.5.final.0/lib/python3.8/site-packages (from packaging->bleach>=2.1.0->readme-renderer>=21.0->twine>=1.15.0) (2.4.7)
Requirement already satisfied: coverage~=5.2 in ./.pybuilder/plugins/cpython-3.8.5.final.0/lib/python3.8/site-packages (5.3.1)
Requirement already satisfied: flake8~=3.7 in ./.pybuilder/plugins/cpython-3.8.5.final.0/lib/python3.8/site-packages (3.8.4)
Requirement already satisfied: pypandoc~=1.4 in ./.pybuilder/plugins/cpython-3.8.5.final.0/lib/python3.8/site-packages (1.5)
Requirement already satisfied: setuptools>=38.6.0 in ./.pybuilder/plugins/cpython-3.8.5.final.0/lib/python3.8/site-packages (51.1.1)
Requirement already satisfied: twine>=1.15.0 in ./.pybuilder/plugins/cpython-3.8.5.final.0/lib/python3.8/site-packages (3.3.0)
Requirement already satisfied: unittest-xml-reporting~=3.0.2 in ./.pybuilder/plugins/cpython-3.8.5.final.0/lib/python3.8/site-packages (3.0.4)
Requirement already satisfied: wheel>=0.34.0 in ./.pybuilder/plugins/cpython-3.8.5.final.0/lib/python3.8/site-packages (0.36.2)
Requirement already satisfied: mccabe<0.7.0,>=0.6.0 in ./.pybuilder/plugins/cpython-3.8.5.final.0/lib/python3.8/site-packages (from flake8~=3.7) (0.6.1)
Requirement already satisfied: pycodestyle<2.7.0,>=2.6.0a1 in ./.pybuilder/plugins/cpython-3.8.5.final.0/lib/python3.8/site-packages (from flake8~=3.7) (2.6.0)
Requirement already satisfied: pyflakes<2.3.0,>=2.2.0 in ./.pybuilder/plugins/cpython-3.8.5.final.0/lib/python3.8/site-packages (from flake8~=3.7) (2.2.0)
Requirement already satisfied: pip>=8.1.0 in ./.pybuilder/plugins/cpython-3.8.5.final.0/lib/python3.8/site-packages (from pypandoc~=1.4) (20.3.3)
Requirement already satisfied: keyring>=15.1 in ./.pybuilder/plugins/cpython-3.8.5.final.0/lib/python3.8/site-packages (from twine>=1.15.0) (21.8.0)
Requirement already satisfied: pkginfo>=1.4.2 in ./.pybuilder/plugins/cpython-3.8.5.final.0/lib/python3.8/site-packages (from twine>=1.15.0) (1.6.1)
Requirement already satisfied: rfc3986>=1.4.0 in ./.pybuilder/plugins/cpython-3.8.5.final.0/lib/python3.8/site-packages (from twine>=1.15.0) (1.4.0)
Requirement already satisfied: readme-renderer>=21.0 in ./.pybuilder/plugins/cpython-3.8.5.final.0/lib/python3.8/site-packages (from twine>=1.15.0) (28.0)
Requirement already satisfied: tqdm>=4.14 in ./.pybuilder/plugins/cpython-3.8.5.final.0/lib/python3.8/site-packages (from twine>=1.15.0) (4.55.1)
Requirement already satisfied: requests>=2.20 in ./.pybuilder/plugins/cpython-3.8.5.final.0/lib/python3.8/site-packages (from twine>=1.15.0) (2.25.1)
Requirement already satisfied: requests-toolbelt!=0.9.0,>=0.8.0 in ./.pybuilder/plugins/cpython-3.8.5.final.0/lib/python3.8/site-packages (from twine>=1.15.0) (0.9.1)
Requirement already satisfied: colorama>=0.4.3 in ./.pybuilder/plugins/cpython-3.8.5.final.0/lib/python3.8/site-packages (from twine>=1.15.0) (0.4.4)
Requirement already satisfied: SecretStorage>=3.2 in ./.pybuilder/plugins/cpython-3.8.5.final.0/lib/python3.8/site-packages (from keyring>=15.1->twine>=1.15.0) (3.3.0)
Requirement already satisfied: jeepney>=0.4.2 in ./.pybuilder/plugins/cpython-3.8.5.final.0/lib/python3.8/site-packages (from keyring>=15.1->twine>=1.15.0) (0.6.0)
Requirement already satisfied: six in ./.pybuilder/plugins/cpython-3.8.5.final.0/lib/python3.8/site-packages (from readme-renderer>=21.0->twine>=1.15.0) (1.15.0)
Requirement already satisfied: Pygments>=2.5.1 in ./.pybuilder/plugins/cpython-3.8.5.final.0/lib/python3.8/site-packages (from readme-renderer>=21.0->twine>=1.15.0) (2.7.3)
Requirement already satisfied: docutils>=0.13.1 in ./.pybuilder/plugins/cpython-3.8.5.final.0/lib/python3.8/site-packages (from readme-renderer>=21.0->twine>=1.15.0) (0.16)
Requirement already satisfied: bleach>=2.1.0 in ./.pybuilder/plugins/cpython-3.8.5.final.0/lib/python3.8/site-packages (from readme-renderer>=21.0->twine>=1.15.0) (3.2.1)
Requirement already satisfied: webencodings in ./.pybuilder/plugins/cpython-3.8.5.final.0/lib/python3.8/site-packages (from bleach>=2.1.0->readme-renderer>=21.0->twine>=1.15.0) (0.5.1)
Requirement already satisfied: packaging in ./.pybuilder/plugins/cpython-3.8.5.final.0/lib/python3.8/site-packages (from bleach>=2.1.0->readme-renderer>=21.0->twine>=1.15.0) (20.8)
Requirement already satisfied: chardet<5,>=3.0.2 in ./.pybuilder/plugins/cpython-3.8.5.final.0/lib/python3.8/site-packages (from requests>=2.20->twine>=1.15.0) (4.0.0)
Requirement already satisfied: idna<3,>=2.5 in ./.pybuilder/plugins/cpython-3.8.5.final.0/lib/python3.8/site-packages (from requests>=2.20->twine>=1.15.0) (2.10)
Requirement already satisfied: certifi>=2017.4.17 in ./.pybuilder/plugins/cpython-3.8.5.final.0/lib/python3.8/site-packages (from requests>=2.20->twine>=1.15.0) (2020.12.5)
Requirement already satisfied: urllib3<1.27,>=1.21.1 in ./.pybuilder/plugins/cpython-3.8.5.final.0/lib/python3.8/site-packages (from requests>=2.20->twine>=1.15.0) (1.26.2)
Requirement already satisfied: cryptography>=2.0 in ./.pybuilder/plugins/cpython-3.8.5.final.0/lib/python3.8/site-packages (from SecretStorage>=3.2->keyring>=15.1->twine>=1.15.0) (3.3.1)
Requirement already satisfied: cffi>=1.12 in ./.pybuilder/plugins/cpython-3.8.5.final.0/lib/python3.8/site-packages (from cryptography>=2.0->SecretStorage>=3.2->keyring>=15.1->twine>=1.15.0) (1.14.4)
Requirement already satisfied: pycparser in ./.pybuilder/plugins/cpython-3.8.5.final.0/lib/python3.8/site-packages (from cffi>=1.12->cryptography>=2.0->SecretStorage>=3.2->keyring>=15.1->twine>=1.15.0) (2.20)
Requirement already satisfied: pyparsing>=2.0.2 in ./.pybuilder/plugins/cpython-3.8.5.final.0/lib/python3.8/site-packages (from packaging->bleach>=2.1.0->readme-renderer>=21.0->twine>=1.15.0) (2.4.7)
Requirement already satisfied: coverage~=5.2 in ./.pybuilder/plugins/cpython-3.8.5.final.0/lib/python3.8/site-packages (5.3.1)
Requirement already satisfied: flake8~=3.7 in ./.pybuilder/plugins/cpython-3.8.5.final.0/lib/python3.8/site-packages (3.8.4)
Requirement already satisfied: pypandoc~=1.4 in ./.pybuilder/plugins/cpython-3.8.5.final.0/lib/python3.8/site-packages (1.5)
Requirement already satisfied: setuptools>=38.6.0 in ./.pybuilder/plugins/cpython-3.8.5.final.0/lib/python3.8/site-packages (51.1.1)
Requirement already satisfied: twine>=1.15.0 in ./.pybuilder/plugins/cpython-3.8.5.final.0/lib/python3.8/site-packages (3.3.0)
Requirement already satisfied: unittest-xml-reporting~=3.0.2 in ./.pybuilder/plugins/cpython-3.8.5.final.0/lib/python3.8/site-packages (3.0.4)
Requirement already satisfied: wheel>=0.34.0 in ./.pybuilder/plugins/cpython-3.8.5.final.0/lib/python3.8/site-packages (0.36.2)
Requirement already satisfied: pycodestyle<2.7.0,>=2.6.0a1 in ./.pybuilder/plugins/cpython-3.8.5.final.0/lib/python3.8/site-packages (from flake8~=3.7) (2.6.0)
Requirement already satisfied: pyflakes<2.3.0,>=2.2.0 in ./.pybuilder/plugins/cpython-3.8.5.final.0/lib/python3.8/site-packages (from flake8~=3.7) (2.2.0)
Requirement already satisfied: mccabe<0.7.0,>=0.6.0 in ./.pybuilder/plugins/cpython-3.8.5.final.0/lib/python3.8/site-packages (from flake8~=3.7) (0.6.1)
Requirement already satisfied: pip>=8.1.0 in ./.pybuilder/plugins/cpython-3.8.5.final.0/lib/python3.8/site-packages (from pypandoc~=1.4) (20.3.3)
Requirement already satisfied: colorama>=0.4.3 in ./.pybuilder/plugins/cpython-3.8.5.final.0/lib/python3.8/site-packages (from twine>=1.15.0) (0.4.4)
Requirement already satisfied: requests-toolbelt!=0.9.0,>=0.8.0 in ./.pybuilder/plugins/cpython-3.8.5.final.0/lib/python3.8/site-packages (from twine>=1.15.0) (0.9.1)
Requirement already satisfied: keyring>=15.1 in ./.pybuilder/plugins/cpython-3.8.5.final.0/lib/python3.8/site-packages (from twine>=1.15.0) (21.8.0)
Requirement already satisfied: tqdm>=4.14 in ./.pybuilder/plugins/cpython-3.8.5.final.0/lib/python3.8/site-packages (from twine>=1.15.0) (4.55.1)
Requirement already satisfied: requests>=2.20 in ./.pybuilder/plugins/cpython-3.8.5.final.0/lib/python3.8/site-packages (from twine>=1.15.0) (2.25.1)
Requirement already satisfied: readme-renderer>=21.0 in ./.pybuilder/plugins/cpython-3.8.5.final.0/lib/python3.8/site-packages (from twine>=1.15.0) (28.0)
Requirement already satisfied: pkginfo>=1.4.2 in ./.pybuilder/plugins/cpython-3.8.5.final.0/lib/python3.8/site-packages (from twine>=1.15.0) (1.6.1)
Requirement already satisfied: rfc3986>=1.4.0 in ./.pybuilder/plugins/cpython-3.8.5.final.0/lib/python3.8/site-packages (from twine>=1.15.0) (1.4.0)
Requirement already satisfied: jeepney>=0.4.2 in ./.pybuilder/plugins/cpython-3.8.5.final.0/lib/python3.8/site-packages (from keyring>=15.1->twine>=1.15.0) (0.6.0)
Requirement already satisfied: SecretStorage>=3.2 in ./.pybuilder/plugins/cpython-3.8.5.final.0/lib/python3.8/site-packages (from keyring>=15.1->twine>=1.15.0) (3.3.0)
Requirement already satisfied: docutils>=0.13.1 in ./.pybuilder/plugins/cpython-3.8.5.final.0/lib/python3.8/site-packages (from readme-renderer>=21.0->twine>=1.15.0) (0.16)
Requirement already satisfied: six in ./.pybuilder/plugins/cpython-3.8.5.final.0/lib/python3.8/site-packages (from readme-renderer>=21.0->twine>=1.15.0) (1.15.0)
Requirement already satisfied: Pygments>=2.5.1 in ./.pybuilder/plugins/cpython-3.8.5.final.0/lib/python3.8/site-packages (from readme-renderer>=21.0->twine>=1.15.0) (2.7.3)
Requirement already satisfied: bleach>=2.1.0 in ./.pybuilder/plugins/cpython-3.8.5.final.0/lib/python3.8/site-packages (from readme-renderer>=21.0->twine>=1.15.0) (3.2.1)
Requirement already satisfied: packaging in ./.pybuilder/plugins/cpython-3.8.5.final.0/lib/python3.8/site-packages (from bleach>=2.1.0->readme-renderer>=21.0->twine>=1.15.0) (20.8)
Requirement already satisfied: webencodings in ./.pybuilder/plugins/cpython-3.8.5.final.0/lib/python3.8/site-packages (from bleach>=2.1.0->readme-renderer>=21.0->twine>=1.15.0) (0.5.1)
Requirement already satisfied: certifi>=2017.4.17 in ./.pybuilder/plugins/cpython-3.8.5.final.0/lib/python3.8/site-packages (from requests>=2.20->twine>=1.15.0) (2020.12.5)
Requirement already satisfied: chardet<5,>=3.0.2 in ./.pybuilder/plugins/cpython-3.8.5.final.0/lib/python3.8/site-packages (from requests>=2.20->twine>=1.15.0) (4.0.0)
Requirement already satisfied: urllib3<1.27,>=1.21.1 in ./.pybuilder/plugins/cpython-3.8.5.final.0/lib/python3.8/site-packages (from requests>=2.20->twine>=1.15.0) (1.26.2)
Requirement already satisfied: idna<3,>=2.5 in ./.pybuilder/plugins/cpython-3.8.5.final.0/lib/python3.8/site-packages (from requests>=2.20->twine>=1.15.0) (2.10)
Requirement already satisfied: cryptography>=2.0 in ./.pybuilder/plugins/cpython-3.8.5.final.0/lib/python3.8/site-packages (from SecretStorage>=3.2->keyring>=15.1->twine>=1.15.0) (3.3.1)
Requirement already satisfied: cffi>=1.12 in ./.pybuilder/plugins/cpython-3.8.5.final.0/lib/python3.8/site-packages (from cryptography>=2.0->SecretStorage>=3.2->keyring>=15.1->twine>=1.15.0) (1.14.4)
Requirement already satisfied: pycparser in ./.pybuilder/plugins/cpython-3.8.5.final.0/lib/python3.8/site-packages (from cffi>=1.12->cryptography>=2.0->SecretStorage>=3.2->keyring>=15.1->twine>=1.15.0) (2.20)
Requirement already satisfied: pyparsing>=2.0.2 in ./.pybuilder/plugins/cpython-3.8.5.final.0/lib/python3.8/site-packages (from packaging->bleach>=2.1.0->readme-renderer>=21.0->twine>=1.15.0) (2.4.7)
Requirement already satisfied: coverage~=5.2 in ./.pybuilder/plugins/cpython-3.8.5.final.0/lib/python3.8/site-packages (5.3.1)
Requirement already satisfied: flake8~=3.7 in ./.pybuilder/plugins/cpython-3.8.5.final.0/lib/python3.8/site-packages (3.8.4)
Requirement already satisfied: pypandoc~=1.4 in ./.pybuilder/plugins/cpython-3.8.5.final.0/lib/python3.8/site-packages (1.5)
Requirement already satisfied: setuptools>=38.6.0 in ./.pybuilder/plugins/cpython-3.8.5.final.0/lib/python3.8/site-packages (51.1.1)
Requirement already satisfied: twine>=1.15.0 in ./.pybuilder/plugins/cpython-3.8.5.final.0/lib/python3.8/site-packages (3.3.0)
Requirement already satisfied: unittest-xml-reporting~=3.0.2 in ./.pybuilder/plugins/cpython-3.8.5.final.0/lib/python3.8/site-packages (3.0.4)
Requirement already satisfied: wheel>=0.34.0 in ./.pybuilder/plugins/cpython-3.8.5.final.0/lib/python3.8/site-packages (0.36.2)
Requirement already satisfied: mccabe<0.7.0,>=0.6.0 in ./.pybuilder/plugins/cpython-3.8.5.final.0/lib/python3.8/site-packages (from flake8~=3.7) (0.6.1)
Requirement already satisfied: pycodestyle<2.7.0,>=2.6.0a1 in ./.pybuilder/plugins/cpython-3.8.5.final.0/lib/python3.8/site-packages (from flake8~=3.7) (2.6.0)
Requirement already satisfied: pyflakes<2.3.0,>=2.2.0 in ./.pybuilder/plugins/cpython-3.8.5.final.0/lib/python3.8/site-packages (from flake8~=3.7) (2.2.0)
Requirement already satisfied: pip>=8.1.0 in ./.pybuilder/plugins/cpython-3.8.5.final.0/lib/python3.8/site-packages (from pypandoc~=1.4) (20.3.3)
Requirement already satisfied: rfc3986>=1.4.0 in ./.pybuilder/plugins/cpython-3.8.5.final.0/lib/python3.8/site-packages (from twine>=1.15.0) (1.4.0)
Requirement already satisfied: requests-toolbelt!=0.9.0,>=0.8.0 in ./.pybuilder/plugins/cpython-3.8.5.final.0/lib/python3.8/site-packages (from twine>=1.15.0) (0.9.1)
Requirement already satisfied: tqdm>=4.14 in ./.pybuilder/plugins/cpython-3.8.5.final.0/lib/python3.8/site-packages (from twine>=1.15.0) (4.55.1)
Requirement already satisfied: pkginfo>=1.4.2 in ./.pybuilder/plugins/cpython-3.8.5.final.0/lib/python3.8/site-packages (from twine>=1.15.0) (1.6.1)
Requirement already satisfied: colorama>=0.4.3 in ./.pybuilder/plugins/cpython-3.8.5.final.0/lib/python3.8/site-packages (from twine>=1.15.0) (0.4.4)
Requirement already satisfied: keyring>=15.1 in ./.pybuilder/plugins/cpython-3.8.5.final.0/lib/python3.8/site-packages (from twine>=1.15.0) (21.8.0)
Requirement already satisfied: requests>=2.20 in ./.pybuilder/plugins/cpython-3.8.5.final.0/lib/python3.8/site-packages (from twine>=1.15.0) (2.25.1)
Requirement already satisfied: readme-renderer>=21.0 in ./.pybuilder/plugins/cpython-3.8.5.final.0/lib/python3.8/site-packages (from twine>=1.15.0) (28.0)
Requirement already satisfied: jeepney>=0.4.2 in ./.pybuilder/plugins/cpython-3.8.5.final.0/lib/python3.8/site-packages (from keyring>=15.1->twine>=1.15.0) (0.6.0)
Requirement already satisfied: SecretStorage>=3.2 in ./.pybuilder/plugins/cpython-3.8.5.final.0/lib/python3.8/site-packages (from keyring>=15.1->twine>=1.15.0) (3.3.0)
Requirement already satisfied: six in ./.pybuilder/plugins/cpython-3.8.5.final.0/lib/python3.8/site-packages (from readme-renderer>=21.0->twine>=1.15.0) (1.15.0)
Requirement already satisfied: Pygments>=2.5.1 in ./.pybuilder/plugins/cpython-3.8.5.final.0/lib/python3.8/site-packages (from readme-renderer>=21.0->twine>=1.15.0) (2.7.3)
Requirement already satisfied: docutils>=0.13.1 in ./.pybuilder/plugins/cpython-3.8.5.final.0/lib/python3.8/site-packages (from readme-renderer>=21.0->twine>=1.15.0) (0.16)
Requirement already satisfied: bleach>=2.1.0 in ./.pybuilder/plugins/cpython-3.8.5.final.0/lib/python3.8/site-packages (from readme-renderer>=21.0->twine>=1.15.0) (3.2.1)
Requirement already satisfied: packaging in ./.pybuilder/plugins/cpython-3.8.5.final.0/lib/python3.8/site-packages (from bleach>=2.1.0->readme-renderer>=21.0->twine>=1.15.0) (20.8)
Requirement already satisfied: webencodings in ./.pybuilder/plugins/cpython-3.8.5.final.0/lib/python3.8/site-packages (from bleach>=2.1.0->readme-renderer>=21.0->twine>=1.15.0) (0.5.1)
Requirement already satisfied: chardet<5,>=3.0.2 in ./.pybuilder/plugins/cpython-3.8.5.final.0/lib/python3.8/site-packages (from requests>=2.20->twine>=1.15.0) (4.0.0)
Requirement already satisfied: urllib3<1.27,>=1.21.1 in ./.pybuilder/plugins/cpython-3.8.5.final.0/lib/python3.8/site-packages (from requests>=2.20->twine>=1.15.0) (1.26.2)
Requirement already satisfied: idna<3,>=2.5 in ./.pybuilder/plugins/cpython-3.8.5.final.0/lib/python3.8/site-packages (from requests>=2.20->twine>=1.15.0) (2.10)
Requirement already satisfied: certifi>=2017.4.17 in ./.pybuilder/plugins/cpython-3.8.5.final.0/lib/python3.8/site-packages (from requests>=2.20->twine>=1.15.0) (2020.12.5)
Requirement already satisfied: cryptography>=2.0 in ./.pybuilder/plugins/cpython-3.8.5.final.0/lib/python3.8/site-packages (from SecretStorage>=3.2->keyring>=15.1->twine>=1.15.0) (3.3.1)
Requirement already satisfied: cffi>=1.12 in ./.pybuilder/plugins/cpython-3.8.5.final.0/lib/python3.8/site-packages (from cryptography>=2.0->SecretStorage>=3.2->keyring>=15.1->twine>=1.15.0) (1.14.4)
Requirement already satisfied: pycparser in ./.pybuilder/plugins/cpython-3.8.5.final.0/lib/python3.8/site-packages (from cffi>=1.12->cryptography>=2.0->SecretStorage>=3.2->keyring>=15.1->twine>=1.15.0) (2.20)
Requirement already satisfied: pyparsing>=2.0.2 in ./.pybuilder/plugins/cpython-3.8.5.final.0/lib/python3.8/site-packages (from packaging->bleach>=2.1.0->readme-renderer>=21.0->twine>=1.15.0) (2.4.7)
Requirement already satisfied: coverage~=5.2 in ./.pybuilder/plugins/cpython-3.8.5.final.0/lib/python3.8/site-packages (5.3.1)
Requirement already satisfied: flake8~=3.7 in ./.pybuilder/plugins/cpython-3.8.5.final.0/lib/python3.8/site-packages (3.8.4)
Requirement already satisfied: pypandoc~=1.4 in ./.pybuilder/plugins/cpython-3.8.5.final.0/lib/python3.8/site-packages (1.5)
Requirement already satisfied: setuptools>=38.6.0 in ./.pybuilder/plugins/cpython-3.8.5.final.0/lib/python3.8/site-packages (51.1.1)
Requirement already satisfied: twine>=1.15.0 in ./.pybuilder/plugins/cpython-3.8.5.final.0/lib/python3.8/site-packages (3.3.0)
Requirement already satisfied: unittest-xml-reporting~=3.0.2 in ./.pybuilder/plugins/cpython-3.8.5.final.0/lib/python3.8/site-packages (3.0.4)
Requirement already satisfied: wheel>=0.34.0 in ./.pybuilder/plugins/cpython-3.8.5.final.0/lib/python3.8/site-packages (0.36.2)
Requirement already satisfied: pycodestyle<2.7.0,>=2.6.0a1 in ./.pybuilder/plugins/cpython-3.8.5.final.0/lib/python3.8/site-packages (from flake8~=3.7) (2.6.0)
Requirement already satisfied: mccabe<0.7.0,>=0.6.0 in ./.pybuilder/plugins/cpython-3.8.5.final.0/lib/python3.8/site-packages (from flake8~=3.7) (0.6.1)
Requirement already satisfied: pyflakes<2.3.0,>=2.2.0 in ./.pybuilder/plugins/cpython-3.8.5.final.0/lib/python3.8/site-packages (from flake8~=3.7) (2.2.0)
Requirement already satisfied: pip>=8.1.0 in ./.pybuilder/plugins/cpython-3.8.5.final.0/lib/python3.8/site-packages (from pypandoc~=1.4) (20.3.3)
Requirement already satisfied: requests>=2.20 in ./.pybuilder/plugins/cpython-3.8.5.final.0/lib/python3.8/site-packages (from twine>=1.15.0) (2.25.1)
Requirement already satisfied: pkginfo>=1.4.2 in ./.pybuilder/plugins/cpython-3.8.5.final.0/lib/python3.8/site-packages (from twine>=1.15.0) (1.6.1)
Requirement already satisfied: requests-toolbelt!=0.9.0,>=0.8.0 in ./.pybuilder/plugins/cpython-3.8.5.final.0/lib/python3.8/site-packages (from twine>=1.15.0) (0.9.1)
Requirement already satisfied: readme-renderer>=21.0 in ./.pybuilder/plugins/cpython-3.8.5.final.0/lib/python3.8/site-packages (from twine>=1.15.0) (28.0)
Requirement already satisfied: colorama>=0.4.3 in ./.pybuilder/plugins/cpython-3.8.5.final.0/lib/python3.8/site-packages (from twine>=1.15.0) (0.4.4)
Requirement already satisfied: keyring>=15.1 in ./.pybuilder/plugins/cpython-3.8.5.final.0/lib/python3.8/site-packages (from twine>=1.15.0) (21.8.0)
Requirement already satisfied: tqdm>=4.14 in ./.pybuilder/plugins/cpython-3.8.5.final.0/lib/python3.8/site-packages (from twine>=1.15.0) (4.55.1)
Requirement already satisfied: rfc3986>=1.4.0 in ./.pybuilder/plugins/cpython-3.8.5.final.0/lib/python3.8/site-packages (from twine>=1.15.0) (1.4.0)
Requirement already satisfied: SecretStorage>=3.2 in ./.pybuilder/plugins/cpython-3.8.5.final.0/lib/python3.8/site-packages (from keyring>=15.1->twine>=1.15.0) (3.3.0)
Requirement already satisfied: jeepney>=0.4.2 in ./.pybuilder/plugins/cpython-3.8.5.final.0/lib/python3.8/site-packages (from keyring>=15.1->twine>=1.15.0) (0.6.0)
Requirement already satisfied: Pygments>=2.5.1 in ./.pybuilder/plugins/cpython-3.8.5.final.0/lib/python3.8/site-packages (from readme-renderer>=21.0->twine>=1.15.0) (2.7.3)
Requirement already satisfied: six in ./.pybuilder/plugins/cpython-3.8.5.final.0/lib/python3.8/site-packages (from readme-renderer>=21.0->twine>=1.15.0) (1.15.0)
Requirement already satisfied: bleach>=2.1.0 in ./.pybuilder/plugins/cpython-3.8.5.final.0/lib/python3.8/site-packages (from readme-renderer>=21.0->twine>=1.15.0) (3.2.1)
Requirement already satisfied: docutils>=0.13.1 in ./.pybuilder/plugins/cpython-3.8.5.final.0/lib/python3.8/site-packages (from readme-renderer>=21.0->twine>=1.15.0) (0.16)
Requirement already satisfied: webencodings in ./.pybuilder/plugins/cpython-3.8.5.final.0/lib/python3.8/site-packages (from bleach>=2.1.0->readme-renderer>=21.0->twine>=1.15.0) (0.5.1)
Requirement already satisfied: packaging in ./.pybuilder/plugins/cpython-3.8.5.final.0/lib/python3.8/site-packages (from bleach>=2.1.0->readme-renderer>=21.0->twine>=1.15.0) (20.8)
Requirement already satisfied: chardet<5,>=3.0.2 in ./.pybuilder/plugins/cpython-3.8.5.final.0/lib/python3.8/site-packages (from requests>=2.20->twine>=1.15.0) (4.0.0)
Requirement already satisfied: certifi>=2017.4.17 in ./.pybuilder/plugins/cpython-3.8.5.final.0/lib/python3.8/site-packages (from requests>=2.20->twine>=1.15.0) (2020.12.5)
Requirement already satisfied: urllib3<1.27,>=1.21.1 in ./.pybuilder/plugins/cpython-3.8.5.final.0/lib/python3.8/site-packages (from requests>=2.20->twine>=1.15.0) (1.26.2)
Requirement already satisfied: idna<3,>=2.5 in ./.pybuilder/plugins/cpython-3.8.5.final.0/lib/python3.8/site-packages (from requests>=2.20->twine>=1.15.0) (2.10)
Requirement already satisfied: cryptography>=2.0 in ./.pybuilder/plugins/cpython-3.8.5.final.0/lib/python3.8/site-packages (from SecretStorage>=3.2->keyring>=15.1->twine>=1.15.0) (3.3.1)
Requirement already satisfied: cffi>=1.12 in ./.pybuilder/plugins/cpython-3.8.5.final.0/lib/python3.8/site-packages (from cryptography>=2.0->SecretStorage>=3.2->keyring>=15.1->twine>=1.15.0) (1.14.4)
Requirement already satisfied: pycparser in ./.pybuilder/plugins/cpython-3.8.5.final.0/lib/python3.8/site-packages (from cffi>=1.12->cryptography>=2.0->SecretStorage>=3.2->keyring>=15.1->twine>=1.15.0) (2.20)
Requirement already satisfied: pyparsing>=2.0.2 in ./.pybuilder/plugins/cpython-3.8.5.final.0/lib/python3.8/site-packages (from packaging->bleach>=2.1.0->readme-renderer>=21.0->twine>=1.15.0) (2.4.7)
